[68783:68783:0426/163110.585687:WARNING:chrome_main_delegate.cc(747)] This is Chrome version 124.0.6367.91 (not a warning)
[68783:68783:0426/163110.663077:INFO:config_dir_policy_loader.cc(118)] Skipping mandatory platform policies because no policy file was found at: /etc/opt/chrome_for_testing/policies/managed
[68783:68783:0426/163110.663144:INFO:config_dir_policy_loader.cc(118)] Skipping recommended platform policies because no policy file was found at: /etc/opt/chrome_for_testing/policies/recommended
[68783:68783:0426/163110.920436:ERROR:chrome_browser_cloud_management_controller.cc(161)] Cloud management controller initialization aborted as CBCM is not enabled. Please use the `--enable-chrome-browser-cloud-management` command line flag to enable it if you are not using the official Google Chrome build.
[68783:68783:0426/163111.292275:WARNING:browser_management_service.cc(128)] EnterpriseLogoUrl fetch failed with error code -1 and MIME type 
[68816:68816:0426/163111.306147:WARNING:sandbox_linux.cc(420)] InitializeSandbox() called with multiple threads in process gpu-process.
[68783:68783:0426/163111.471394:WARNING:bluez_dbus_manager.cc(248)] Floss manager not present, cannot set Floss enable/disable.
[68783:68783:0426/163112.329094:ERROR:object_proxy.cc(576)] Failed to call method: org.freedesktop.ScreenSaver.GetActive: object_path= /org/freedesktop/ScreenSaver: org.freedesktop.DBus.Error.NotSupported: This method is not implemented
[68783:68783:0426/163113.796578:INFO:CONSOLE(0)] "Error with Permissions-Policy header: Unrecognized feature: 'ambient-light-sensor'.", source:  (0)
[68783:68783:0426/163113.796670:INFO:CONSOLE(0)] "Error with Permissions-Policy header: Unrecognized feature: 'battery'.", source:  (0)
[68783:68783:0426/163113.796726:INFO:CONSOLE(0)] "Error with Permissions-Policy header: Unrecognized feature: 'document-domain'.", source:  (0)
[68783:68783:0426/163113.796777:INFO:CONSOLE(0)] "Error with Permissions-Policy header: Unrecognized feature: 'execution-while-not-rendered'.", source:  (0)
[68783:68783:0426/163113.796826:INFO:CONSOLE(0)] "Error with Permissions-Policy header: Unrecognized feature: 'execution-while-out-of-viewport'.", source:  (0)
[68783:68783:0426/163113.796876:INFO:CONSOLE(0)] "Error with Permissions-Policy header: Unrecognized feature: 'navigation-override'.", source:  (0)
[68783:68783:0426/163113.796923:INFO:CONSOLE(0)] "Error with Permissions-Policy header: Unrecognized feature: 'web-share'.", source:  (0)
[68783:68783:0426/163113.796972:INFO:CONSOLE(0)] "Error with Permissions-Policy header: Unrecognized feature: 'speaker-selection'.", source:  (0)
[68783:68783:0426/163113.797021:INFO:CONSOLE(0)] "Error with Permissions-Policy header: Unrecognized feature: 'conversion-measurement'.", source:  (0)
[68783:68783:0426/163113.797083:INFO:CONSOLE(0)] "Error with Permissions-Policy header: Unrecognized feature: 'focus-without-user-activation'.", source:  (0)
[68783:68783:0426/163113.797135:INFO:CONSOLE(0)] "Error with Permissions-Policy header: Unrecognized feature: 'sync-script'.", source:  (0)
[68783:68783:0426/163113.797182:INFO:CONSOLE(0)] "Error with Permissions-Policy header: Unrecognized feature: 'trust-token-redemption'.", source:  (0)
[68783:68783:0426/163113.797232:INFO:CONSOLE(0)] "Error with Permissions-Policy header: Unrecognized feature: 'vertical-scroll'.", source:  (0)
[68783:68783:0426/163113.797734:INFO:CONSOLE(0)] "Unrecognized Content-Security-Policy directive 'prefetch-src'.", source: https://portal.gupy.io/ (0)
[68783:68783:0426/163113.855194:INFO:CONSOLE(0)] "Refused to load the script 'https://cdn.cookielaw.org/consent/4528aece-e0d6-41e5-a351-00f60c07689d/OtAutoBlock.js' because it violates the following Content Security Policy directive: "script-src 'self' 'unsafe-inline' 'unsafe-eval' blob: *.gupy.io *.google.com *.google-analytics.com *.hotjar.com *.getbeamer.com *.googleapis.com *.gstatic.com *.pn.vg cdn.polyfill.io cdn.jsdelivr.net *.abtasty.com *.segment.com *.mxpnl.com *.heapanalytics.com *.cloudfront.net d20clgtym3ccfj.cloudfront.net d3vjfyimxh8b5g.cloudfront.net cdn.privacytools.com.br *.googletagmanager.com *.unpkg.com unpkg.com *.sentry.com *.zdassets.com static.zdassets.com *.googleoptimize.com *.facebook.net *.handtalk.me *.linkedin.com *.twitter.com *.jquery.com *.cloudflare.com". Note that 'script-src-elem' was not explicitly set, so 'script-src' is used as a fallback.
", source: https://portal.gupy.io/ (0)
[68783:68783:0426/163113.856475:INFO:CONSOLE(0)] "Refused to load the script 'https://cdn.cookielaw.org/scripttemplates/otSDKStub.js' because it violates the following Content Security Policy directive: "script-src 'self' 'unsafe-inline' 'unsafe-eval' blob: *.gupy.io *.google.com *.google-analytics.com *.hotjar.com *.getbeamer.com *.googleapis.com *.gstatic.com *.pn.vg cdn.polyfill.io cdn.jsdelivr.net *.abtasty.com *.segment.com *.mxpnl.com *.heapanalytics.com *.cloudfront.net d20clgtym3ccfj.cloudfront.net d3vjfyimxh8b5g.cloudfront.net cdn.privacytools.com.br *.googletagmanager.com *.unpkg.com unpkg.com *.sentry.com *.zdassets.com static.zdassets.com *.googleoptimize.com *.facebook.net *.handtalk.me *.linkedin.com *.twitter.com *.jquery.com *.cloudflare.com". Note that 'script-src-elem' was not explicitly set, so 'script-src' is used as a fallback.
", source: https://portal.gupy.io/ (0)
[68783:68783:0426/163113.856836:INFO:CONSOLE(1)] "Uncaught SyntaxError: Unexpected end of input", source: https://portal.gupy.io/ (1)
[68783:68783:0426/163115.281156:INFO:CONSOLE(121)] "Refused to load the script 'https://www.clarity.ms/tag/fro8g6ee3k?ref=gtm' because it violates the following Content Security Policy directive: "script-src 'self' 'unsafe-inline' 'unsafe-eval' blob: *.gupy.io *.google.com *.google-analytics.com *.hotjar.com *.getbeamer.com *.googleapis.com *.gstatic.com *.pn.vg cdn.polyfill.io cdn.jsdelivr.net *.abtasty.com *.segment.com *.mxpnl.com *.heapanalytics.com *.cloudfront.net d20clgtym3ccfj.cloudfront.net d3vjfyimxh8b5g.cloudfront.net cdn.privacytools.com.br *.googletagmanager.com *.unpkg.com unpkg.com *.sentry.com *.zdassets.com static.zdassets.com *.googleoptimize.com *.facebook.net *.handtalk.me *.linkedin.com *.twitter.com *.jquery.com *.cloudflare.com". Note that 'script-src-elem' was not explicitly set, so 'script-src' is used as a fallback.
", source: https://www.googletagmanager.com/gtm.js?id=GTM-NGBG33H (121)
[68783:68783:0426/163115.290167:INFO:CONSOLE(1)] "Refused to load the script 'https://snap.licdn.com/li.lms-analytics/insight.min.js' because it violates the following Content Security Policy directive: "script-src 'self' 'unsafe-inline' 'unsafe-eval' blob: *.gupy.io *.google.com *.google-analytics.com *.hotjar.com *.getbeamer.com *.googleapis.com *.gstatic.com *.pn.vg cdn.polyfill.io cdn.jsdelivr.net *.abtasty.com *.segment.com *.mxpnl.com *.heapanalytics.com *.cloudfront.net d20clgtym3ccfj.cloudfront.net d3vjfyimxh8b5g.cloudfront.net cdn.privacytools.com.br *.googletagmanager.com *.unpkg.com unpkg.com *.sentry.com *.zdassets.com static.zdassets.com *.googleoptimize.com *.facebook.net *.handtalk.me *.linkedin.com *.twitter.com *.jquery.com *.cloudflare.com". Note that 'script-src-elem' was not explicitly set, so 'script-src' is used as a fallback.
", source:  (1)
[68783:68783:0426/163115.752421:INFO:CONSOLE(1)] "Error: Request failed with status code 401", source: https://portal.gupy.io/_next/static/chunks/pages/_app-cb3e05a192b06703.js (1)
[68819:68831:0426/163115.944872:WARNING:http_cache_transaction.cc(2620)] Multiple or malformed validation headers found.
[68783:68783:0426/163117.700474:INFO:CONSOLE(24)] "[Meta Pixel] - Duplicate Pixel ID: 139085250159210.", source: https://connect.facebook.net/en_US/fbevents.js (24)
[68783:68783:0426/163117.809686:INFO:CONSOLE(2)] "Unrecognized Content-Security-Policy directive 'prefetch-src'.", source: https://script.hotjar.com/modules.25f289cf2c430c5f1dfb.js (2)
[68783:68783:0426/163117.821221:INFO:CONSOLE(2)] "Unrecognized Content-Security-Policy directive 'prefetch-src'.", source: https://script.hotjar.com/modules.25f289cf2c430c5f1dfb.js (2)
[68783:68783:0426/163126.411689:WARNING:controller_impl.cc(1191)] Background download complete, client: 6, completion type: 0, file size:45148
[68783:68783:0426/163127.375705:WARNING:controller_impl.cc(1191)] Background download complete, client: 6, completion type: 0, file size:2200227
[68783:68783:0426/163127.820993:WARNING:controller_impl.cc(1191)] Background download complete, client: 6, completion type: 0, file size:2989141
[68783:68783:0426/163128.415503:WARNING:controller_impl.cc(1191)] Background download complete, client: 6, completion type: 0, file size:4680
[68783:68783:0426/163128.909907:WARNING:controller_impl.cc(1191)] Background download complete, client: 6, completion type: 0, file size:3844
[68783:68783:0426/163128.944239:WARNING:controller_impl.cc(1191)] Background download complete, client: 6, completion type: 0, file size:2747170
[68783:68783:0426/163130.696321:WARNING:controller_impl.cc(1191)] Background download complete, client: 6, completion type: 0, file size:1463571
[68783:68783:0426/163131.266555:WARNING:controller_impl.cc(1191)] Background download complete, client: 6, completion type: 0, file size:265059
[68783:68783:0426/163131.458820:INFO:CONSOLE(0)] "Error with Permissions-Policy header: Unrecognized feature: 'ambient-light-sensor'.", source:  (0)
[68783:68783:0426/163131.458944:INFO:CONSOLE(0)] "Error with Permissions-Policy header: Unrecognized feature: 'battery'.", source:  (0)
[68783:68783:0426/163131.459025:INFO:CONSOLE(0)] "Error with Permissions-Policy header: Unrecognized feature: 'document-domain'.", source:  (0)
[68783:68783:0426/163131.459085:INFO:CONSOLE(0)] "Error with Permissions-Policy header: Unrecognized feature: 'execution-while-not-rendered'.", source:  (0)
[68783:68783:0426/163131.459139:INFO:CONSOLE(0)] "Error with Permissions-Policy header: Unrecognized feature: 'execution-while-out-of-viewport'.", source:  (0)
[68783:68783:0426/163131.462180:INFO:CONSOLE(0)] "Error with Permissions-Policy header: Unrecognized feature: 'navigation-override'.", source:  (0)
[68783:68783:0426/163131.462623:INFO:CONSOLE(0)] "Error with Permissions-Policy header: Unrecognized feature: 'web-share'.", source:  (0)
[68783:68783:0426/163131.462749:INFO:CONSOLE(0)] "Error with Permissions-Policy header: Unrecognized feature: 'speaker-selection'.", source:  (0)
[68783:68783:0426/163131.462821:INFO:CONSOLE(0)] "Error with Permissions-Policy header: Unrecognized feature: 'conversion-measurement'.", source:  (0)
[68783:68783:0426/163131.462873:INFO:CONSOLE(0)] "Error with Permissions-Policy header: Unrecognized feature: 'focus-without-user-activation'.", source:  (0)
[68783:68783:0426/163131.463050:INFO:CONSOLE(0)] "Error with Permissions-Policy header: Unrecognized feature: 'sync-script'.", source:  (0)
[68783:68783:0426/163131.463111:INFO:CONSOLE(0)] "Error with Permissions-Policy header: Unrecognized feature: 'trust-token-redemption'.", source:  (0)
[68783:68783:0426/163131.463173:INFO:CONSOLE(0)] "Error with Permissions-Policy header: Unrecognized feature: 'vertical-scroll'.", source:  (0)
[68783:68783:0426/163131.463298:INFO:CONSOLE(0)] "Unrecognized Content-Security-Policy directive 'prefetch-src'.", source: https://portal.gupy.io/job-search/term=senior (0)
[68783:68783:0426/163131.496671:INFO:CONSOLE(0)] "Refused to load the script 'https://cdn.cookielaw.org/consent/4528aece-e0d6-41e5-a351-00f60c07689d/OtAutoBlock.js' because it violates the following Content Security Policy directive: "script-src 'self' 'unsafe-inline' 'unsafe-eval' blob: *.gupy.io *.google.com *.google-analytics.com *.hotjar.com *.getbeamer.com *.googleapis.com *.gstatic.com *.pn.vg cdn.polyfill.io cdn.jsdelivr.net *.abtasty.com *.segment.com *.mxpnl.com *.heapanalytics.com *.cloudfront.net d20clgtym3ccfj.cloudfront.net d3vjfyimxh8b5g.cloudfront.net cdn.privacytools.com.br *.googletagmanager.com *.unpkg.com unpkg.com *.sentry.com *.zdassets.com static.zdassets.com *.googleoptimize.com *.facebook.net *.handtalk.me *.linkedin.com *.twitter.com *.jquery.com *.cloudflare.com". Note that 'script-src-elem' was not explicitly set, so 'script-src' is used as a fallback.
", source: https://portal.gupy.io/job-search/term=senior (0)
[68783:68783:0426/163131.497627:INFO:CONSOLE(0)] "Refused to load the script 'https://cdn.cookielaw.org/scripttemplates/otSDKStub.js' because it violates the following Content Security Policy directive: "script-src 'self' 'unsafe-inline' 'unsafe-eval' blob: *.gupy.io *.google.com *.google-analytics.com *.hotjar.com *.getbeamer.com *.googleapis.com *.gstatic.com *.pn.vg cdn.polyfill.io cdn.jsdelivr.net *.abtasty.com *.segment.com *.mxpnl.com *.heapanalytics.com *.cloudfront.net d20clgtym3ccfj.cloudfront.net d3vjfyimxh8b5g.cloudfront.net cdn.privacytools.com.br *.googletagmanager.com *.unpkg.com unpkg.com *.sentry.com *.zdassets.com static.zdassets.com *.googleoptimize.com *.facebook.net *.handtalk.me *.linkedin.com *.twitter.com *.jquery.com *.cloudflare.com". Note that 'script-src-elem' was not explicitly set, so 'script-src' is used as a fallback.
", source: https://portal.gupy.io/job-search/term=senior (0)
[68783:68783:0426/163131.497770:INFO:CONSOLE(1)] "Uncaught SyntaxError: Unexpected end of input", source: https://portal.gupy.io/job-search/term=senior (1)
[68783:68783:0426/163131.519832:INFO:CONSOLE(121)] "Refused to load the script 'https://www.clarity.ms/tag/fro8g6ee3k?ref=gtm' because it violates the following Content Security Policy directive: "script-src 'self' 'unsafe-inline' 'unsafe-eval' blob: *.gupy.io *.google.com *.google-analytics.com *.hotjar.com *.getbeamer.com *.googleapis.com *.gstatic.com *.pn.vg cdn.polyfill.io cdn.jsdelivr.net *.abtasty.com *.segment.com *.mxpnl.com *.heapanalytics.com *.cloudfront.net d20clgtym3ccfj.cloudfront.net d3vjfyimxh8b5g.cloudfront.net cdn.privacytools.com.br *.googletagmanager.com *.unpkg.com unpkg.com *.sentry.com *.zdassets.com static.zdassets.com *.googleoptimize.com *.facebook.net *.handtalk.me *.linkedin.com *.twitter.com *.jquery.com *.cloudflare.com". Note that 'script-src-elem' was not explicitly set, so 'script-src' is used as a fallback.
", source: https://www.googletagmanager.com/gtm.js?id=GTM-NGBG33H (121)
[68783:68783:0426/163131.538552:INFO:CONSOLE(1)] "Refused to load the script 'https://snap.licdn.com/li.lms-analytics/insight.min.js' because it violates the following Content Security Policy directive: "script-src 'self' 'unsafe-inline' 'unsafe-eval' blob: *.gupy.io *.google.com *.google-analytics.com *.hotjar.com *.getbeamer.com *.googleapis.com *.gstatic.com *.pn.vg cdn.polyfill.io cdn.jsdelivr.net *.abtasty.com *.segment.com *.mxpnl.com *.heapanalytics.com *.cloudfront.net d20clgtym3ccfj.cloudfront.net d3vjfyimxh8b5g.cloudfront.net cdn.privacytools.com.br *.googletagmanager.com *.unpkg.com unpkg.com *.sentry.com *.zdassets.com static.zdassets.com *.googleoptimize.com *.facebook.net *.handtalk.me *.linkedin.com *.twitter.com *.jquery.com *.cloudflare.com". Note that 'script-src-elem' was not explicitly set, so 'script-src' is used as a fallback.
", source:  (1)
[68819:68831:0426/163132.180147:WARNING:http_cache_transaction.cc(2620)] Multiple or malformed validation headers found.
[68783:68783:0426/163132.232542:INFO:CONSOLE(1)] "Error: Request failed with status code 401", source: https://portal.gupy.io/_next/static/chunks/pages/_app-cb3e05a192b06703.js (1)
[68783:68783:0426/163132.899679:WARNING:controller_impl.cc(1191)] Background download complete, client: 6, completion type: 0, file size:2200227
[68783:68783:0426/163133.528926:WARNING:controller_impl.cc(1191)] Background download complete, client: 6, completion type: 0, file size:45148
[68783:68783:0426/163133.872507:INFO:CONSOLE(24)] "[Meta Pixel] - Duplicate Pixel ID: 139085250159210.", source: https://connect.facebook.net/en_US/fbevents.js (24)
[68783:68783:0426/163133.895509:INFO:CONSOLE(2)] "Unrecognized Content-Security-Policy directive 'prefetch-src'.", source: https://script.hotjar.com/modules.25f289cf2c430c5f1dfb.js (2)
[68783:68783:0426/163133.897537:INFO:CONSOLE(2)] "Unrecognized Content-Security-Policy directive 'prefetch-src'.", source: https://script.hotjar.com/modules.25f289cf2c430c5f1dfb.js (2)
[68783:68783:0426/163135.019727:WARNING:controller_impl.cc(1191)] Background download complete, client: 6, completion type: 1, file size:0
[68783:68783:0426/163135.020076:WARNING:controller_impl.cc(1191)] Background download complete, client: 6, completion type: 1, file size:0
[68819:68830:0426/163135.152911:WARNING:sqlite_persistent_store_backend_base.cc(198)] Failed to post task from FlushAndNotifyInBackground@net/extras/sqlite/sqlite_persistent_store_backend_base.cc:247 to client_task_runner_.
[68819:68830:0426/163135.153035:WARNING:sqlite_persistent_store_backend_base.cc(198)] Failed to post task from FlushAndNotifyInBackground@net/extras/sqlite/sqlite_persistent_store_backend_base.cc:247 to client_task_runner_.
[68783:68783:0426/163135.223365:WARNING:pref_notifier_impl.cc(41)] Pref observer for media_router.cast_allow_all_ips found at shutdown.
