[53314:53314:0426/152522.016702:WARNING:chrome_main_delegate.cc(747)] This is Chrome version 124.0.6367.91 (not a warning)
[53314:53314:0426/152522.084834:INFO:config_dir_policy_loader.cc(118)] Skipping mandatory platform policies because no policy file was found at: /etc/opt/chrome_for_testing/policies/managed
[53314:53314:0426/152522.084883:INFO:config_dir_policy_loader.cc(118)] Skipping recommended platform policies because no policy file was found at: /etc/opt/chrome_for_testing/policies/recommended
[53314:53314:0426/152522.345015:ERROR:chrome_browser_cloud_management_controller.cc(161)] Cloud management controller initialization aborted as CBCM is not enabled. Please use the `--enable-chrome-browser-cloud-management` command line flag to enable it if you are not using the official Google Chrome build.
[53314:53314:0426/152522.703169:WARNING:browser_management_service.cc(128)] EnterpriseLogoUrl fetch failed with error code -1 and MIME type 
[53350:53350:0426/152522.727336:WARNING:sandbox_linux.cc(420)] InitializeSandbox() called with multiple threads in process gpu-process.
[53314:53314:0426/152522.901209:WARNING:bluez_dbus_manager.cc(248)] Floss manager not present, cannot set Floss enable/disable.
[53314:53314:0426/152523.929349:ERROR:object_proxy.cc(576)] Failed to call method: org.freedesktop.ScreenSaver.GetActive: object_path= /org/freedesktop/ScreenSaver: org.freedesktop.DBus.Error.NotSupported: This method is not implemented
[53314:53314:0426/152525.673799:INFO:CONSOLE(0)] "Error with Permissions-Policy header: Unrecognized feature: 'ambient-light-sensor'.", source:  (0)
[53314:53314:0426/152525.673981:INFO:CONSOLE(0)] "Error with Permissions-Policy header: Unrecognized feature: 'battery'.", source:  (0)
[53314:53314:0426/152525.674057:INFO:CONSOLE(0)] "Error with Permissions-Policy header: Unrecognized feature: 'document-domain'.", source:  (0)
[53314:53314:0426/152525.674131:INFO:CONSOLE(0)] "Error with Permissions-Policy header: Unrecognized feature: 'execution-while-not-rendered'.", source:  (0)
[53314:53314:0426/152525.674213:INFO:CONSOLE(0)] "Error with Permissions-Policy header: Unrecognized feature: 'execution-while-out-of-viewport'.", source:  (0)
[53314:53314:0426/152525.674308:INFO:CONSOLE(0)] "Error with Permissions-Policy header: Unrecognized feature: 'navigation-override'.", source:  (0)
[53314:53314:0426/152525.674372:INFO:CONSOLE(0)] "Error with Permissions-Policy header: Unrecognized feature: 'web-share'.", source:  (0)
[53314:53314:0426/152525.674433:INFO:CONSOLE(0)] "Error with Permissions-Policy header: Unrecognized feature: 'speaker-selection'.", source:  (0)
[53314:53314:0426/152525.674529:INFO:CONSOLE(0)] "Error with Permissions-Policy header: Unrecognized feature: 'conversion-measurement'.", source:  (0)
[53314:53314:0426/152525.674591:INFO:CONSOLE(0)] "Error with Permissions-Policy header: Unrecognized feature: 'focus-without-user-activation'.", source:  (0)
[53314:53314:0426/152525.674654:INFO:CONSOLE(0)] "Error with Permissions-Policy header: Unrecognized feature: 'sync-script'.", source:  (0)
[53314:53314:0426/152525.674755:INFO:CONSOLE(0)] "Error with Permissions-Policy header: Unrecognized feature: 'trust-token-redemption'.", source:  (0)
[53314:53314:0426/152525.674816:INFO:CONSOLE(0)] "Error with Permissions-Policy header: Unrecognized feature: 'vertical-scroll'.", source:  (0)
[53314:53314:0426/152525.674931:INFO:CONSOLE(0)] "Unrecognized Content-Security-Policy directive 'prefetch-src'.", source: https://portal.gupy.io/ (0)
[53314:53314:0426/152525.709004:INFO:CONSOLE(0)] "Refused to load the script 'https://cdn.cookielaw.org/consent/4528aece-e0d6-41e5-a351-00f60c07689d/OtAutoBlock.js' because it violates the following Content Security Policy directive: "script-src 'self' 'unsafe-inline' 'unsafe-eval' blob: *.gupy.io *.google.com *.google-analytics.com *.hotjar.com *.getbeamer.com *.googleapis.com *.gstatic.com *.pn.vg cdn.polyfill.io cdn.jsdelivr.net *.abtasty.com *.segment.com *.mxpnl.com *.heapanalytics.com *.cloudfront.net d20clgtym3ccfj.cloudfront.net d3vjfyimxh8b5g.cloudfront.net cdn.privacytools.com.br *.googletagmanager.com *.unpkg.com unpkg.com *.sentry.com *.zdassets.com static.zdassets.com *.googleoptimize.com *.facebook.net *.handtalk.me *.linkedin.com *.twitter.com *.jquery.com *.cloudflare.com". Note that 'script-src-elem' was not explicitly set, so 'script-src' is used as a fallback.
", source: https://portal.gupy.io/ (0)
[53314:53314:0426/152525.709146:INFO:CONSOLE(0)] "Refused to load the script 'https://cdn.cookielaw.org/scripttemplates/otSDKStub.js' because it violates the following Content Security Policy directive: "script-src 'self' 'unsafe-inline' 'unsafe-eval' blob: *.gupy.io *.google.com *.google-analytics.com *.hotjar.com *.getbeamer.com *.googleapis.com *.gstatic.com *.pn.vg cdn.polyfill.io cdn.jsdelivr.net *.abtasty.com *.segment.com *.mxpnl.com *.heapanalytics.com *.cloudfront.net d20clgtym3ccfj.cloudfront.net d3vjfyimxh8b5g.cloudfront.net cdn.privacytools.com.br *.googletagmanager.com *.unpkg.com unpkg.com *.sentry.com *.zdassets.com static.zdassets.com *.googleoptimize.com *.facebook.net *.handtalk.me *.linkedin.com *.twitter.com *.jquery.com *.cloudflare.com". Note that 'script-src-elem' was not explicitly set, so 'script-src' is used as a fallback.
", source: https://portal.gupy.io/ (0)
[53314:53314:0426/152525.709196:INFO:CONSOLE(1)] "Uncaught SyntaxError: Unexpected end of input", source: https://portal.gupy.io/ (1)
[53314:53314:0426/152526.070610:INFO:CONSOLE(2)] "Unrecognized Content-Security-Policy directive 'prefetch-src'.", source: https://script.hotjar.com/modules.25f289cf2c430c5f1dfb.js (2)
[53314:53314:0426/152526.074508:INFO:CONSOLE(2)] "Unrecognized Content-Security-Policy directive 'prefetch-src'.", source: https://script.hotjar.com/modules.25f289cf2c430c5f1dfb.js (2)
[53314:53314:0426/152526.299139:INFO:CONSOLE(121)] "Refused to load the script 'https://www.clarity.ms/tag/fro8g6ee3k?ref=gtm' because it violates the following Content Security Policy directive: "script-src 'self' 'unsafe-inline' 'unsafe-eval' blob: *.gupy.io *.google.com *.google-analytics.com *.hotjar.com *.getbeamer.com *.googleapis.com *.gstatic.com *.pn.vg cdn.polyfill.io cdn.jsdelivr.net *.abtasty.com *.segment.com *.mxpnl.com *.heapanalytics.com *.cloudfront.net d20clgtym3ccfj.cloudfront.net d3vjfyimxh8b5g.cloudfront.net cdn.privacytools.com.br *.googletagmanager.com *.unpkg.com unpkg.com *.sentry.com *.zdassets.com static.zdassets.com *.googleoptimize.com *.facebook.net *.handtalk.me *.linkedin.com *.twitter.com *.jquery.com *.cloudflare.com". Note that 'script-src-elem' was not explicitly set, so 'script-src' is used as a fallback.
", source: https://www.googletagmanager.com/gtm.js?id=GTM-NGBG33H (121)
[53314:53314:0426/152526.320214:INFO:CONSOLE(1)] "Refused to load the script 'https://snap.licdn.com/li.lms-analytics/insight.min.js' because it violates the following Content Security Policy directive: "script-src 'self' 'unsafe-inline' 'unsafe-eval' blob: *.gupy.io *.google.com *.google-analytics.com *.hotjar.com *.getbeamer.com *.googleapis.com *.gstatic.com *.pn.vg cdn.polyfill.io cdn.jsdelivr.net *.abtasty.com *.segment.com *.mxpnl.com *.heapanalytics.com *.cloudfront.net d20clgtym3ccfj.cloudfront.net d3vjfyimxh8b5g.cloudfront.net cdn.privacytools.com.br *.googletagmanager.com *.unpkg.com unpkg.com *.sentry.com *.zdassets.com static.zdassets.com *.googleoptimize.com *.facebook.net *.handtalk.me *.linkedin.com *.twitter.com *.jquery.com *.cloudflare.com". Note that 'script-src-elem' was not explicitly set, so 'script-src' is used as a fallback.
", source:  (1)
[53354:53367:0426/152528.409594:WARNING:http_cache_transaction.cc(2620)] Multiple or malformed validation headers found.
[53314:53314:0426/152528.486381:INFO:CONSOLE(1)] "Error: Request failed with status code 401", source: https://portal.gupy.io/_next/static/chunks/pages/_app-cb3e05a192b06703.js (1)
[53314:53314:0426/152529.089591:INFO:CONSOLE(173)] "Unrecognized Content-Security-Policy directive 'prefetch-src'.", source: https://www.googletagmanager.com/gtag/js?id=G-XWM19VV55J&cx=c&_slc=1 (173)
[53314:53314:0426/152529.219515:INFO:CONSOLE(24)] "[Meta Pixel] - Duplicate Pixel ID: 139085250159210.", source: https://connect.facebook.net/en_US/fbevents.js (24)
[53314:53314:0426/152529.236201:INFO:CONSOLE(0)] "Refused to frame 'https://td.doubleclick.net/' because it violates the following Content Security Policy directive: "frame-src 'self' *.hotjar.com *.googletagmanager.com *.zdassets.com *.unpkg.com *.sentry.io cookies.pn.vg www.youtube.com *.getbeamer.com *.gupy.io *.google.com youtu.be *.hubspotusercontent40.net *.abtasty.com blob: *.gupy.io *.facebook.com *.twitter.com".
", source: https://www.googletagmanager.com/ (0)
[53354:53378:0426/152531.418873:WARNING:sqlite_persistent_store_backend_base.cc(198)] Failed to post task from FlushAndNotifyInBackground@net/extras/sqlite/sqlite_persistent_store_backend_base.cc:247 to client_task_runner_.
[53354:53378:0426/152531.418932:WARNING:sqlite_persistent_store_backend_base.cc(198)] Failed to post task from FlushAndNotifyInBackground@net/extras/sqlite/sqlite_persistent_store_backend_base.cc:247 to client_task_runner_.
[53314:53314:0426/152531.476866:WARNING:pref_notifier_impl.cc(41)] Pref observer for media_router.cast_allow_all_ips found at shutdown.
